[0926/010112.581:ERROR:process_reader_win.cc(151)] SuspendThread: Access is denied. (0x5)
[0926/010112.586:ERROR:process_reader_win.cc(151)] SuspendThread: Access is denied. (0x5)
[0926/010112.586:ERROR:process_reader_win.cc(151)] SuspendThread: Access is denied. (0x5)
[0926/010112.586:ERROR:process_reader_win.cc(151)] SuspendThread: Access is denied. (0x5)
[0926/010112.586:ERROR:process_reader_win.cc(151)] SuspendThread: Access is denied. (0x5)
[0926/010112.586:ERROR:exception_snapshot_win.cc(99)] thread ID 3012 not found in process
[0926/010112.613:ERROR:process_reader_win.cc(151)] SuspendThread: Access is denied. (0x5)
[0926/010112.613:ERROR:process_reader_win.cc(151)] SuspendThread: Access is denied. (0x5)
[0926/010112.614:ERROR:process_reader_win.cc(151)] SuspendThread: Access is denied. (0x5)
[0926/010112.614:ERROR:process_reader_win.cc(151)] SuspendThread: Access is denied. (0x5)
[0926/010112.614:ERROR:process_reader_win.cc(151)] SuspendThread: Access is denied. (0x5)
[0926/010112.614:ERROR:process_reader_win.cc(151)] SuspendThread: Access is denied. (0x5)
[0926/010112.624:ERROR:process_reader_win.cc(151)] SuspendThread: Access is denied. (0x5)
[0926/010112.624:ERROR:process_reader_win.cc(151)] SuspendThread: Access is denied. (0x5)
[0926/010112.624:ERROR:process_reader_win.cc(151)] SuspendThread: Access is denied. (0x5)
[0926/010112.624:ERROR:process_reader_win.cc(151)] SuspendThread: Access is denied. (0x5)
[0926/010112.624:ERROR:process_reader_win.cc(151)] SuspendThread: Access is denied. (0x5)
[0926/010112.643:ERROR:process_reader_win.cc(151)] SuspendThread: Access is denied. (0x5)
[0926/010112.643:ERROR:process_reader_win.cc(151)] SuspendThread: Access is denied. (0x5)
[0926/010112.643:ERROR:process_reader_win.cc(151)] SuspendThread: Access is denied. (0x5)
[0926/010112.643:ERROR:process_reader_win.cc(151)] SuspendThread: Access is denied. (0x5)
[0926/010112.643:ERROR:process_reader_win.cc(151)] SuspendThread: Access is denied. (0x5)
[0926/010112.673:ERROR:process_reader_win.cc(151)] SuspendThread: Access is denied. (0x5)
[0926/010112.673:ERROR:process_reader_win.cc(151)] SuspendThread: Access is denied. (0x5)
[0926/010112.673:ERROR:process_reader_win.cc(151)] SuspendThread: Access is denied. (0x5)
[0926/010112.673:ERROR:process_reader_win.cc(151)] SuspendThread: Access is denied. (0x5)
[0926/010112.674:ERROR:process_reader_win.cc(151)] SuspendThread: Access is denied. (0x5)
[0926/010112.674:ERROR:process_reader_win.cc(151)] SuspendThread: Access is denied. (0x5)
[0926/010112.805:ERROR:process_reader_win.cc(151)] SuspendThread: Access is denied. (0x5)
[0926/010112.637:ERROR:process_reader_win.cc(123)] NtOpenThread: {Access Denied} A process has requested access to an object, but has not been granted those access rights. (0xc0000022)
[0926/010112.624:ERROR:process_reader_win.cc(123)] NtOpenThread: {Access Denied} A process has requested access to an object, but has not been granted those access rights. (0xc0000022)
[0926/010112.911:ERROR:exception_snapshot_win.cc(99)] thread ID 3948 not found in process
[0926/010112.674:ERROR:process_reader_win.cc(123)] NtOpenThread: {Access Denied} A process has requested access to an object, but has not been granted those access rights. (0xc0000022)
[0926/010112.643:ERROR:process_reader_win.cc(123)] NtOpenThread: {Access Denied} A process has requested access to an object, but has not been granted those access rights. (0xc0000022)
[0926/010112.614:ERROR:process_reader_win.cc(123)] NtOpenThread: {Access Denied} A process has requested access to an object, but has not been granted those access rights. (0xc0000022)
[0926/010112.806:ERROR:process_reader_win.cc(123)] NtOpenThread: {Access Denied} A process has requested access to an object, but has not been granted those access rights. (0xc0000022)
[0926/010112.690:ERROR:process_reader_win.cc(123)] NtOpenThread: {Access Denied} A process has requested access to an object, but has not been granted those access rights. (0xc0000022)
[0926/010112.911:ERROR:exception_snapshot_win.cc(99)] thread ID 31224 not found in process
[0926/010112.911:ERROR:exception_snapshot_win.cc(99)] thread ID 26244 not found in process
[0926/010112.911:ERROR:exception_snapshot_win.cc(99)] thread ID 34980 not found in process
[0926/010112.911:ERROR:exception_snapshot_win.cc(99)] thread ID 34424 not found in process
[0926/010112.911:ERROR:exception_snapshot_win.cc(99)] thread ID 35808 not found in process
[0926/010112.912:ERROR:exception_snapshot_win.cc(99)] thread ID 25556 not found in process
[0926/010113.047:ERROR:process_reader_win.cc(123)] NtOpenThread: {Access Denied} A process has requested access to an object, but has not been granted those access rights. (0xc0000022)
[0926/010113.047:ERROR:exception_snapshot_win.cc(99)] thread ID 6580 not found in process
[0926/010113.089:ERROR:process_reader_win.cc(123)] NtOpenThread: {Access Denied} A process has requested access to an object, but has not been granted those access rights. (0xc0000022)
[0926/010113.089:ERROR:exception_snapshot_win.cc(99)] thread ID 2708 not found in process
[0926/010113.194:ERROR:process_info.cc(98)] ReadProcessMemory UNICODE_STRING: Only part of a ReadProcessMemory or WriteProcessMemory request was completed. (0x12B)
[0926/010113.194:ERROR:process_info.cc(118)] ReadProcessMemory bool __cdecl crashpad::(anonymous namespace)::ReadStruct(HANDLE, crashpad::WinVMAddress, T *) [T = crashpad::process_types::LDR_DATA_TABLE_ENTRY<crashpad::process_types::internal::Traits64>]: Only part of a ReadProcessMemory or WriteProcessMemory request was completed. (0x12B)
[0926/010113.216:ERROR:process_reader_win.cc(123)] NtOpenThread: {Access Denied} A process has requested access to an object, but has not been granted those access rights. (0xc0000022)
[0926/010113.216:ERROR:exception_snapshot_win.cc(99)] thread ID 33400 not found in process
[0926/010113.216:ERROR:process_info.cc(98)] ReadProcessMemory UNICODE_STRING: Only part of a ReadProcessMemory or WriteProcessMemory request was completed. (0x12B)
[0926/010113.217:ERROR:process_info.cc(118)] ReadProcessMemory bool __cdecl crashpad::(anonymous namespace)::ReadStruct(HANDLE, crashpad::WinVMAddress, T *) [T = crashpad::process_types::LDR_DATA_TABLE_ENTRY<crashpad::process_types::internal::Traits64>]: Only part of a ReadProcessMemory or WriteProcessMemory request was completed. (0x12B)
[0926/010113.236:ERROR:process_reader_win.cc(123)] NtOpenThread: {Access Denied} A process has requested access to an object, but has not been granted those access rights. (0xc0000022)
[0926/010113.236:ERROR:exception_snapshot_win.cc(99)] thread ID 1636 not found in process
[0926/010113.242:ERROR:process_reader_win.cc(123)] NtOpenThread: {Access Denied} A process has requested access to an object, but has not been granted those access rights. (0xc0000022)
[0926/010113.243:ERROR:exception_snapshot_win.cc(99)] thread ID 22520 not found in process
[0926/010113.245:ERROR:process_reader_win.cc(123)] NtOpenThread: {Access Denied} A process has requested access to an object, but has not been granted those access rights. (0xc0000022)
[0926/010113.245:ERROR:exception_snapshot_win.cc(99)] thread ID 38804 not found in process
[0926/010113.216:ERROR:process_reader_win.cc(123)] NtOpenThread: {Access Denied} A process has requested access to an object, but has not been granted those access rights. (0xc0000022)
[0926/010113.246:ERROR:exception_snapshot_win.cc(99)] thread ID 28020 not found in process
[0926/010113.256:ERROR:process_reader_win.cc(123)] NtOpenThread: {Access Denied} A process has requested access to an object, but has not been granted those access rights. (0xc0000022)
[0926/010113.256:ERROR:exception_snapshot_win.cc(99)] thread ID 8144 not found in process
[0926/010113.263:ERROR:process_reader_win.cc(123)] NtOpenThread: {Access Denied} A process has requested access to an object, but has not been granted those access rights. (0xc0000022)
[0926/010113.263:ERROR:exception_snapshot_win.cc(99)] thread ID 7720 not found in process
[0926/010113.265:ERROR:process_reader_win.cc(123)] NtOpenThread: {Access Denied} A process has requested access to an object, but has not been granted those access rights. (0xc0000022)
[0926/010113.265:ERROR:exception_snapshot_win.cc(99)] thread ID 22176 not found in process
[0926/010113.265:ERROR:process_info.cc(329)] VirtualQueryEx: Access is denied. (0x5)
[0926/010113.265:ERROR:process_info.cc(556)] ReadMemoryInfo failed
[0926/010113.275:ERROR:process_reader_win.cc(123)] NtOpenThread: {Access Denied} A process has requested access to an object, but has not been granted those access rights. (0xc0000022)
[0926/010113.275:ERROR:exception_snapshot_win.cc(99)] thread ID 10124 not found in process
[0926/010113.283:ERROR:process_reader_win.cc(123)] NtOpenThread: {Access Denied} A process has requested access to an object, but has not been granted those access rights. (0xc0000022)
[0926/010113.283:ERROR:exception_snapshot_win.cc(99)] thread ID 34660 not found in process
[0926/010113.285:ERROR:process_reader_win.cc(123)] NtOpenThread: {Access Denied} A process has requested access to an object, but has not been granted those access rights. (0xc0000022)
[0926/010113.285:ERROR:exception_snapshot_win.cc(99)] thread ID 19248 not found in process
[0926/010113.306:ERROR:process_reader_win.cc(123)] NtOpenThread: {Access Denied} A process has requested access to an object, but has not been granted those access rights. (0xc0000022)
[0926/010113.306:ERROR:exception_snapshot_win.cc(99)] thread ID 9144 not found in process
[0926/010113.312:ERROR:process_reader_win.cc(123)] NtOpenThread: {Access Denied} A process has requested access to an object, but has not been granted those access rights. (0xc0000022)
[0926/010113.312:ERROR:exception_snapshot_win.cc(99)] thread ID 32792 not found in process
[0926/010113.321:ERROR:process_info.cc(329)] VirtualQueryEx: Access is denied. (0x5)
[0926/010113.321:ERROR:process_info.cc(556)] ReadMemoryInfo failed
[0926/010113.331:ERROR:process_reader_win.cc(123)] NtOpenThread: {Access Denied} A process has requested access to an object, but has not been granted those access rights. (0xc0000022)
[0926/010113.331:ERROR:exception_snapshot_win.cc(99)] thread ID 36672 not found in process
[0926/010113.345:ERROR:process_reader_win.cc(123)] NtOpenThread: {Access Denied} A process has requested access to an object, but has not been granted those access rights. (0xc0000022)
[0926/010113.346:ERROR:exception_snapshot_win.cc(99)] thread ID 19136 not found in process
[0926/010113.265:ERROR:scoped_process_suspend.cc(40)] NtResumeProcess: An attempt was made to access an exiting process. (0xc000010a)
[0926/010113.321:ERROR:scoped_process_suspend.cc(40)] NtResumeProcess: An attempt was made to access an exiting process. (0xc000010a)
[0926/010113.417:ERROR:process_reader_win.cc(123)] NtOpenThread: {Access Denied} A process has requested access to an object, but has not been granted those access rights. (0xc0000022)
[0926/010113.417:ERROR:exception_snapshot_win.cc(99)] thread ID 1212 not found in process
[0926/010113.683:ERROR:process_reader_win.cc(123)] NtOpenThread: {Access Denied} A process has requested access to an object, but has not been granted those access rights. (0xc0000022)
[0926/010113.683:ERROR:exception_snapshot_win.cc(99)] thread ID 33020 not found in process
